# JRE version: Java(TM) SE Runtime Environment (8.0_73-b02) (build 1.8.0_73-b02)
# Java VM: Java HotSpot(TM) 64-Bit Server VM (25.73-b02 mixed mode bsd-amd64 compressed oops)
Heap:
 PSYoungGen      total 305664K, used 262144K [0x00000007aab00000, 0x00000007c0000000, 0x00000007c0000000)
  eden space 262144K, 100% used [0x00000007aab00000,0x00000007bab00000,0x00000007bab00000)
  from space 43520K, 0% used [0x00000007bd580000,0x00000007bd580000,0x00000007c0000000)
  to   space 43520K, 91% used [0x00000007bab00000,0x00000007bd1b16e8,0x00000007bd580000)
 ParOldGen       total 699392K, used 65322K [0x0000000780000000, 0x00000007aab00000, 0x00000007aab00000)
  object space 699392K, 9% used [0x0000000780000000,0x0000000783fca9a0,0x00000007aab00000)
 Metaspace       used 81266K, capacity 82037K, committed 82216K, reserved 1116160K
  class space    used 14257K, capacity 14529K, committed 14632K, reserved 1048576K
GC Heap History (10 events):
Event: 6.694 GC heap after
Heap after GC invocations=7 (full 3):
 PSYoungGen      total 305664K, used 96K [0x00000007aab00000, 0x00000007c0000000, 0x00000007c0000000)
  eden space 262144K, 0% used [0x00000007aab00000,0x00000007aab00000,0x00000007bab00000)
  from space 43520K, 0% used [0x00000007bd580000,0x00000007bd598000,0x00000007c0000000)
  to   space 43520K, 0% used [0x00000007bab00000,0x00000007bab00000,0x00000007bd580000)
 ParOldGen       total 699392K, used 27180K [0x0000000780000000, 0x00000007aab00000, 0x00000007aab00000)
  object space 699392K, 3% used [0x0000000780000000,0x0000000781a8b390,0x00000007aab00000)
 Metaspace       used 42093K, capacity 42470K, committed 42664K, reserved 1083392K
  class space    used 7927K, capacity 8024K, committed 8104K, reserved 1048576K
}
Event: 6.694 GC heap before
{Heap before GC invocations=8 (full 4):
 PSYoungGen      total 305664K, used 96K [0x00000007aab00000, 0x00000007c0000000, 0x00000007c0000000)
  eden space 262144K, 0% used [0x00000007aab00000,0x00000007aab00000,0x00000007bab00000)
  from space 43520K, 0% used [0x00000007bd580000,0x00000007bd598000,0x00000007c0000000)
  to   space 43520K, 0% used [0x00000007bab00000,0x00000007bab00000,0x00000007bd580000)
 ParOldGen       total 699392K, used 27180K [0x0000000780000000, 0x00000007aab00000, 0x00000007aab00000)
  object space 699392K, 3% used [0x0000000780000000,0x0000000781a8b390,0x00000007aab00000)
 Metaspace       used 42093K, capacity 42470K, committed 42664K, reserved 1083392K
  class space    used 7927K, capacity 8024K, committed 8104K, reserved 1048576K
Event: 6.782 GC heap after
Heap after GC invocations=8 (full 4):
 PSYoungGen      total 305664K, used 0K [0x00000007aab00000, 0x00000007c0000000, 0x00000007c0000000)
  eden space 262144K, 0% used [0x00000007aab00000,0x00000007aab00000,0x00000007bab00000)
  from space 43520K, 0% used [0x00000007bd580000,0x00000007bd580000,0x00000007c0000000)
  to   space 43520K, 0% used [0x00000007bab00000,0x00000007bab00000,0x00000007bd580000)
 ParOldGen       total 699392K, used 25833K [0x0000000780000000, 0x00000007aab00000, 0x00000007aab00000)
  object space 699392K, 3% used [0x0000000780000000,0x000000078193a698,0x00000007aab00000)
 Metaspace       used 42093K, capacity 42470K, committed 42664K, reserved 1083392K
  class space    used 7927K, capacity 8024K, committed 8104K, reserved 1048576K
}
Event: 9.541 GC heap before
{Heap before GC invocations=9 (full 4):
 PSYoungGen      total 305664K, used 262144K [0x00000007aab00000, 0x00000007c0000000, 0x00000007c0000000)
  eden space 262144K, 100% used [0x00000007aab00000,0x00000007bab00000,0x00000007bab00000)
  from space 43520K, 0% used [0x00000007bd580000,0x00000007bd580000,0x00000007c0000000)
  to   space 43520K, 0% used [0x00000007bab00000,0x00000007bab00000,0x00000007bd580000)
 ParOldGen       total 699392K, used 25833K [0x0000000780000000, 0x00000007aab00000, 0x00000007aab00000)
  object space 699392K, 3% used [0x0000000780000000,0x000000078193a698,0x00000007aab00000)
 Metaspace       used 57244K, capacity 57860K, committed 58024K, reserved 1095680K
  class space    used 10698K, capacity 10893K, committed 10920K, reserved 1048576K
Event: 9.567 GC heap after
Heap after GC invocations=9 (full 4):
 PSYoungGen      total 305664K, used 35301K [0x00000007aab00000, 0x00000007c0000000, 0x00000007c0000000)
  eden space 262144K, 0% used [0x00000007aab00000,0x00000007aab00000,0x00000007bab00000)
  from space 43520K, 81% used [0x00000007bab00000,0x00000007bcd797c8,0x00000007bd580000)
  to   space 43520K, 0% used [0x00000007bd580000,0x00000007bd580000,0x00000007c0000000)
 ParOldGen       total 699392K, used 25841K [0x0000000780000000, 0x00000007aab00000, 0x00000007aab00000)
  object space 699392K, 3% used [0x0000000780000000,0x000000078193c698,0x00000007aab00000)
 Metaspace       used 57244K, capacity 57860K, committed 58024K, reserved 1095680K
  class space    used 10698K, capacity 10893K, committed 10920K, reserved 1048576K
}
Event: 12.528 GC heap before
{Heap before GC invocations=10 (full 4):
 PSYoungGen      total 305664K, used 129434K [0x00000007aab00000, 0x00000007c0000000, 0x00000007c0000000)
  eden space 262144K, 35% used [0x00000007aab00000,0x00000007b06ed1c0,0x00000007bab00000)
  from space 43520K, 81% used [0x00000007bab00000,0x00000007bcd797c8,0x00000007bd580000)
  to   space 43520K, 0% used [0x00000007bd580000,0x00000007bd580000,0x00000007c0000000)
 ParOldGen       total 699392K, used 25841K [0x0000000780000000, 0x00000007aab00000, 0x00000007aab00000)
  object space 699392K, 3% used [0x0000000780000000,0x000000078193c698,0x00000007aab00000)
 Metaspace       used 70248K, capacity 70857K, committed 71080K, reserved 1107968K
  class space    used 12647K, capacity 12877K, committed 12968K, reserved 1048576K
Event: 12.573 GC heap after
Heap after GC invocations=10 (full 4):
 PSYoungGen      total 305664K, used 43518K [0x00000007aab00000, 0x00000007c0000000, 0x00000007c0000000)
  eden space 262144K, 0% used [0x00000007aab00000,0x00000007aab00000,0x00000007bab00000)
  from space 43520K, 99% used [0x00000007bd580000,0x00000007bffffab8,0x00000007c0000000)
  to   space 43520K, 0% used [0x00000007bab00000,0x00000007bab00000,0x00000007bd580000)
 ParOldGen       total 699392K, used 27646K [0x0000000780000000, 0x00000007aab00000, 0x00000007aab00000)
  object space 699392K, 3% used [0x0000000780000000,0x0000000781affaa8,0x00000007aab00000)
 Metaspace       used 70248K, capacity 70857K, committed 71080K, reserved 1107968K
  class space    used 12647K, capacity 12877K, committed 12968K, reserved 1048576K
}
Event: 12.573 GC heap before
{Heap before GC invocations=11 (full 5):
 PSYoungGen      total 305664K, used 43518K [0x00000007aab00000, 0x00000007c0000000, 0x00000007c0000000)
  eden space 262144K, 0% used [0x00000007aab00000,0x00000007aab00000,0x00000007bab00000)
  from space 43520K, 99% used [0x00000007bd580000,0x00000007bffffab8,0x00000007c0000000)
  to   space 43520K, 0% used [0x00000007bab00000,0x00000007bab00000,0x00000007bd580000)
 ParOldGen       total 699392K, used 27646K [0x0000000780000000, 0x00000007aab00000, 0x00000007aab00000)
  object space 699392K, 3% used [0x0000000780000000,0x0000000781affaa8,0x00000007aab00000)
 Metaspace       used 70248K, capacity 70857K, committed 71080K, reserved 1107968K
  class space    used 12647K, capacity 12877K, committed 12968K, reserved 1048576K
Event: 12.745 GC heap after
Heap after GC invocations=11 (full 5):
 PSYoungGen      total 305664K, used 0K [0x00000007aab00000, 0x00000007c0000000, 0x00000007c0000000)
  eden space 262144K, 0% used [0x00000007aab00000,0x00000007aab00000,0x00000007bab00000)
  from space 43520K, 0% used [0x00000007bd580000,0x00000007bd580000,0x00000007c0000000)
  to   space 43520K, 0% used [0x00000007bab00000,0x00000007bab00000,0x00000007bd580000)
 ParOldGen       total 699392K, used 65314K [0x0000000780000000, 0x00000007aab00000, 0x00000007aab00000)
  object space 699392K, 9% used [0x0000000780000000,0x0000000783fc89a0,0x00000007aab00000)
 Metaspace       used 70228K, capacity 70833K, committed 71080K, reserved 1107968K
  class space    used 12642K, capacity 12869K, committed 12968K, reserved 1048576K
}
Event: 744.156 GC heap before
{Heap before GC invocations=12 (full 5):
 PSYoungGen      total 305664K, used 262144K [0x00000007aab00000, 0x00000007c0000000, 0x00000007c0000000)
  eden space 262144K, 100% used [0x00000007aab00000,0x00000007bab00000,0x00000007bab00000)
  from space 43520K, 0% used [0x00000007bd580000,0x00000007bd580000,0x00000007c0000000)
  to   space 43520K, 0% used [0x00000007bab00000,0x00000007bab00000,0x00000007bd580000)
 ParOldGen       total 699392K, used 65314K [0x0000000780000000, 0x00000007aab00000, 0x00000007aab00000)
  object space 699392K, 9% used [0x0000000780000000,0x0000000783fc89a0,0x00000007aab00000)
 Metaspace       used 81266K, capacity 82037K, committed 82216K, reserved 1116160K
  class space    used 14257K, capacity 14529K, committed 14632K, reserved 1048576K

